<?xml version="1.0" encoding="utf-8"?><testsuites name="pytest tests"><testsuite name="pytest" errors="0" failures="0" skipped="0" tests="22" time="9.411" timestamp="2026-04-07T08:45:24.245728+00:00" hostname="agent-env-ba7a2746-fa91-4eb3-bfc1-a6bcc9eabfe2"><testcase classname="backend.tests.test_new_features.TestLoveLanguageQuiz" name="test_get_quiz_no_auth_required" time="0.230" /><testcase classname="backend.tests.test_new_features.TestLoveLanguageQuiz" name="test_submit_love_language_requires_auth" time="0.103" /><testcase classname="backend.tests.test_new_features.TestLoveLanguageQuiz" name="test_submit_love_language" time="0.987" /><testcase classname="backend.tests.test_new_features.TestLoveLanguageQuiz" name="test_get_love_language_results" time="0.230" /><testcase classname="backend.tests.test_new_features.TestCouplePortraits" name="test_get_portraits_requires_auth" time="0.091" /><testcase classname="backend.tests.test_new_features.TestCouplePortraits" name="test_get_portraits" time="0.212" /><testcase classname="backend.tests.test_new_features.TestCouplePortraits" name="test_generate_portrait_requires_auth" time="0.125" /><testcase classname="backend.tests.test_new_features.TestAstrologyDeepDive" name="test_astrology_deep_dive_requires_auth" time="0.096" /><testcase classname="backend.tests.test_new_features.TestAstrologyDeepDive" name="test_astrology_deep_dive" time="4.852" /><testcase classname="backend.tests.test_new_features.TestPartnerSync" name="test_partner_answer_requires_auth" time="0.119" /><testcase classname="backend.tests.test_new_features.TestPartnerSync" name="test_get_partner_answer" time="0.240" /><testcase classname="backend.tests.test_new_features.TestPushNotifications" name="test_push_subscribe_requires_auth" time="0.097" /><testcase classname="backend.tests.test_new_features.TestPushNotifications" name="test_push_status_requires_auth" time="0.101" /><testcase classname="backend.tests.test_new_features.TestPushNotifications" name="test_get_push_status" time="0.262" /><testcase classname="backend.tests.test_new_features.TestPushNotifications" name="test_push_subscribe" time="0.222" /><testcase classname="backend.tests.test_new_features.TestPushNotifications" name="test_push_unsubscribe" time="0.215" /><testcase classname="backend.tests.test_new_features.TestInAppNotifications" name="test_notifications_requires_auth" time="0.097" /><testcase classname="backend.tests.test_new_features.TestInAppNotifications" name="test_get_notifications" time="0.243" /><testcase classname="backend.tests.test_new_features.TestChatMediaAttachment" name="test_send_chat_message_requires_auth" time="0.097" /><testcase classname="backend.tests.test_new_features.TestChatMediaAttachment" name="test_get_chat_messages" time="0.244" /><testcase classname="backend.tests.test_new_features.TestChatMediaAttachment" name="test_send_chat_message" time="0.221" /><testcase classname="backend.tests.test_new_features.TestChatMediaAttachment" name="test_send_chat_message_with_media" time="0.220" /></testsuite></testsuites>