<?xml version="1.0" encoding="utf-8"?><testsuites name="pytest tests"><testsuite name="pytest" errors="0" failures="0" skipped="0" tests="27" time="18.458" timestamp="2026-04-07T06:33:17.609856+00:00" hostname="agent-env-ba7a2746-fa91-4eb3-bfc1-a6bcc9eabfe2"><testcase classname="backend.tests.test_commonground_api.TestHealthEndpoints" name="test_health_endpoint" time="0.228" /><testcase classname="backend.tests.test_commonground_api.TestHealthEndpoints" name="test_root_endpoint" time="0.096" /><testcase classname="backend.tests.test_commonground_api.TestAuthProtection" name="test_profile_requires_auth" time="0.095" /><testcase classname="backend.tests.test_commonground_api.TestAuthProtection" name="test_daily_question_requires_auth" time="0.096" /><testcase classname="backend.tests.test_commonground_api.TestAuthProtection" name="test_deeply_prompts_requires_auth" time="0.099" /><testcase classname="backend.tests.test_commonground_api.TestAuthenticatedEndpoints" name="test_create_session" time="0.608" /><testcase classname="backend.tests.test_commonground_api.TestAuthenticatedEndpoints" name="test_get_profile" time="0.221" /><testcase classname="backend.tests.test_commonground_api.TestAuthenticatedEndpoints" name="test_get_daily_question" time="0.223" /><testcase classname="backend.tests.test_commonground_api.TestAuthenticatedEndpoints" name="test_get_zodiac_signs" time="0.090" /><testcase classname="backend.tests.test_commonground_api.TestAuthenticatedEndpoints" name="test_get_trust_exercises" time="0.114" /><testcase classname="backend.tests.test_commonground_api.TestAuthenticatedEndpoints" name="test_get_modules" time="0.098" /><testcase classname="backend.tests.test_commonground_api.TestAuthenticatedEndpoints" name="test_get_favorites" time="0.223" /><testcase classname="backend.tests.test_commonground_api.TestPairingSystem" name="test_get_my_pair" time="0.216" /><testcase classname="backend.tests.test_commonground_api.TestDeeplyUsFeatures" name="test_unlock_deeply" time="0.210" /><testcase classname="backend.tests.test_commonground_api.TestDeeplyUsFeatures" name="test_get_deeply_prompts" time="0.432" /><testcase classname="backend.tests.test_commonground_api.TestDeeplyUsFeatures" name="test_get_deeply_exercises" time="0.395" /><testcase classname="backend.tests.test_commonground_api.TestDeeplyUsFeatures" name="test_create_deeply_item" time="0.376" /><testcase classname="backend.tests.test_commonground_api.TestDeeplyUsFeatures" name="test_get_deeply_items" time="0.386" /><testcase classname="backend.tests.test_commonground_api.TestAIChatFeatures" name="test_ai_chat" time="0.953" /><testcase classname="backend.tests.test_commonground_api.TestAIChatFeatures" name="test_ai_chat_deeplyus_mode" time="1.343" /><testcase classname="backend.tests.test_commonground_api.TestAIChatFeatures" name="test_deeply_ignite" time="4.400" /><testcase classname="backend.tests.test_commonground_api.TestCalendarAndLists" name="test_get_calendar_events" time="0.230" /><testcase classname="backend.tests.test_commonground_api.TestCalendarAndLists" name="test_get_shopping_list" time="0.222" /><testcase classname="backend.tests.test_commonground_api.TestCalendarAndLists" name="test_get_wishlist" time="0.228" /><testcase classname="backend.tests.test_commonground_api.TestJournalFeatures" name="test_get_journal_entries" time="0.222" /><testcase classname="backend.tests.test_commonground_api.TestJournalFeatures" name="test_create_journal_entry" time="0.222" /><testcase classname="backend.tests.test_commonground_api.TestHoroscopeFeatures" name="test_get_horoscope" time="6.255" /></testsuite></testsuites>