<?xml version="1.0" encoding="utf-8"?><testsuites name="pytest tests"><testsuite name="pytest" errors="0" failures="0" skipped="0" tests="18" time="7.665" timestamp="2026-04-07T09:07:20.318836+00:00" hostname="agent-env-ba7a2746-fa91-4eb3-bfc1-a6bcc9eabfe2"><testcase classname="backend.tests.test_p1_p2_features.TestHealthCheck" name="test_health_returns_ok" time="0.157" /><testcase classname="backend.tests.test_p1_p2_features.TestPartnerChat" name="test_get_partner_messages" time="0.553" /><testcase classname="backend.tests.test_p1_p2_features.TestPartnerChat" name="test_send_partner_message" time="0.377" /><testcase classname="backend.tests.test_p1_p2_features.TestStreak" name="test_get_streak" time="0.168" /><testcase classname="backend.tests.test_p1_p2_features.TestSharedPlaylist" name="test_get_shared_playlist" time="0.156" /><testcase classname="backend.tests.test_p1_p2_features.TestSharedPlaylist" name="test_add_song_to_playlist" time="0.339" /><testcase classname="backend.tests.test_p1_p2_features.TestSharedPlaylist" name="test_delete_song_from_playlist" time="0.584" /><testcase classname="backend.tests.test_p1_p2_features.TestAvatar" name="test_get_avatar" time="0.169" /><testcase classname="backend.tests.test_p1_p2_features.TestMilestones" name="test_get_milestones" time="0.161" /><testcase classname="backend.tests.test_p1_p2_features.TestMilestones" name="test_create_milestone" time="0.332" /><testcase classname="backend.tests.test_p1_p2_features.TestMilestones" name="test_delete_milestone" time="0.495" /><testcase classname="backend.tests.test_p1_p2_features.TestWeeklyReport" name="test_get_weekly_report" time="3.134" /><testcase classname="backend.tests.test_p1_p2_features.TestAuthProtection" name="test_partner_chat_requires_auth" time="0.227" /><testcase classname="backend.tests.test_p1_p2_features.TestAuthProtection" name="test_streak_requires_auth" time="0.112" /><testcase classname="backend.tests.test_p1_p2_features.TestAuthProtection" name="test_shared_playlist_requires_auth" time="0.208" /><testcase classname="backend.tests.test_p1_p2_features.TestAuthProtection" name="test_avatar_requires_auth" time="0.107" /><testcase classname="backend.tests.test_p1_p2_features.TestAuthProtection" name="test_milestones_requires_auth" time="0.188" /><testcase classname="backend.tests.test_p1_p2_features.TestAuthProtection" name="test_weekly_report_requires_auth" time="0.097" /></testsuite></testsuites>