<?xml version="1.0" encoding="utf-8"?><testsuites name="pytest tests"><testsuite name="pytest" errors="0" failures="0" skipped="0" tests="22" time="6.617" timestamp="2026-04-07T13:00:50.612617+00:00" hostname="agent-env-ba7a2746-fa91-4eb3-bfc1-a6bcc9eabfe2"><testcase classname="backend.tests.test_gender_ethnicity_features.TestHealthEndpoint" name="test_health_endpoint" time="0.155" /><testcase classname="backend.tests.test_gender_ethnicity_features.TestProfileGenderEthnicityFields" name="test_get_profile_has_gender_fields" time="0.735" /><testcase classname="backend.tests.test_gender_ethnicity_features.TestProfileGenderEthnicityFields" name="test_update_profile_gender" time="0.252" /><testcase classname="backend.tests.test_gender_ethnicity_features.TestProfileGenderEthnicityFields" name="test_update_profile_partner_gender" time="0.222" /><testcase classname="backend.tests.test_gender_ethnicity_features.TestProfileGenderEthnicityFields" name="test_update_profile_ethnicity" time="0.236" /><testcase classname="backend.tests.test_gender_ethnicity_features.TestProfileGenderEthnicityFields" name="test_update_all_gender_ethnicity_fields" time="0.233" /><testcase classname="backend.tests.test_gender_ethnicity_features.TestProfileGenderEthnicityFields" name="test_verify_persistence_via_get" time="0.517" /><testcase classname="backend.tests.test_gender_ethnicity_features.TestGenderOptions" name="test_valid_gender_options[man]" time="0.243" /><testcase classname="backend.tests.test_gender_ethnicity_features.TestGenderOptions" name="test_valid_gender_options[woman]" time="0.249" /><testcase classname="backend.tests.test_gender_ethnicity_features.TestGenderOptions" name="test_valid_gender_options[non-binary]" time="0.253" /><testcase classname="backend.tests.test_gender_ethnicity_features.TestGenderOptions" name="test_valid_gender_options[other]" time="0.226" /><testcase classname="backend.tests.test_gender_ethnicity_features.TestEthnicityOptions" name="test_valid_ethnicity_options[black]" time="0.243" /><testcase classname="backend.tests.test_gender_ethnicity_features.TestEthnicityOptions" name="test_valid_ethnicity_options[white]" time="0.284" /><testcase classname="backend.tests.test_gender_ethnicity_features.TestEthnicityOptions" name="test_valid_ethnicity_options[latino]" time="0.250" /><testcase classname="backend.tests.test_gender_ethnicity_features.TestEthnicityOptions" name="test_valid_ethnicity_options[asian]" time="0.237" /><testcase classname="backend.tests.test_gender_ethnicity_features.TestEthnicityOptions" name="test_valid_ethnicity_options[south-asian]" time="0.273" /><testcase classname="backend.tests.test_gender_ethnicity_features.TestEthnicityOptions" name="test_valid_ethnicity_options[middle-eastern]" time="0.229" /><testcase classname="backend.tests.test_gender_ethnicity_features.TestEthnicityOptions" name="test_valid_ethnicity_options[indigenous]" time="0.251" /><testcase classname="backend.tests.test_gender_ethnicity_features.TestEthnicityOptions" name="test_valid_ethnicity_options[pacific-islander]" time="0.279" /><testcase classname="backend.tests.test_gender_ethnicity_features.TestEthnicityOptions" name="test_valid_ethnicity_options[mixed]" time="0.370" /><testcase classname="backend.tests.test_gender_ethnicity_features.TestEthnicityOptions" name="test_valid_ethnicity_options[other]" time="0.499" /><testcase classname="backend.tests.test_gender_ethnicity_features.TestAuthSession" name="test_auth_session_includes_gender_fields" time="0.267" /></testsuite></testsuites>