<?xml version="1.0" encoding="utf-8"?><testsuites name="pytest tests"><testsuite name="pytest" errors="0" failures="1" skipped="0" tests="17" time="4.958" timestamp="2026-04-07T13:09:37.612571+00:00" hostname="agent-env-ba7a2746-fa91-4eb3-bfc1-a6bcc9eabfe2"><testcase classname="backend.tests.test_flow_iteration7.TestHealthEndpoint" name="test_health_returns_ok" time="0.238" /><testcase classname="backend.tests.test_flow_iteration7.TestAuthSession" name="test_auth_session_returns_user_profile" time="0.568" /><testcase classname="backend.tests.test_flow_iteration7.TestAuthSession" name="test_migration_logic_for_existing_onboarded_user" time="0.228" /><testcase classname="backend.tests.test_flow_iteration7.TestAuthSession" name="test_auth_session_returns_pair_info" time="0.305" /><testcase classname="backend.tests.test_flow_iteration7.TestProfileEndpoints" name="test_get_profile_has_new_fields" time="0.233" /><testcase classname="backend.tests.test_flow_iteration7.TestProfileEndpoints" name="test_update_profile_basic_setup_complete" time="0.731" /><testcase classname="backend.tests.test_flow_iteration7.TestProfileEndpoints" name="test_update_profile_display_name" time="0.220" /><testcase classname="backend.tests.test_flow_iteration7.TestProfileEndpoints" name="test_update_profile_birth_date" time="0.239" /><testcase classname="backend.tests.test_flow_iteration7.TestProfileEndpoints" name="test_update_profile_onboarding_complete" time="0.246" /><testcase classname="backend.tests.test_flow_iteration7.TestProfileEndpoints" name="test_update_profile_gender_fields" time="0.231" /><testcase classname="backend.tests.test_flow_iteration7.TestProfileEndpoints" name="test_update_profile_ethnicity" time="0.259" /><testcase classname="backend.tests.test_flow_iteration7.TestPairingEndpoints" name="test_get_my_pair" time="0.266" /><testcase classname="backend.tests.test_flow_iteration7.TestPairingEndpoints" name="test_create_pair_returns_code" time="0.239" /><testcase classname="backend.tests.test_flow_iteration7.TestPairingEndpoints" name="test_join_pair_invalid_code" time="0.225" /><testcase classname="backend.tests.test_flow_iteration7.TestZodiacEndpoint" name="test_get_zodiac_signs" time="0.110" /><testcase classname="backend.tests.test_flow_iteration7.TestExistingUserFlow" name="test_existing_user_has_all_flags_set" time="0.231"><failure message="AssertionError: Test user should have an active pair&#10;assert False == True">backend/tests/test_flow_iteration7.py:325: in test_existing_user_has_all_flags_set
    assert has_pair == True, "Test user should have an active pair"
E   AssertionError: Test user should have an active pair
E   assert False == True</failure></testcase><testcase classname="backend.tests.test_flow_iteration7.TestOnboardingFields" name="test_update_all_onboarding_fields" time="0.266" /></testsuite></testsuites>