<?xml version="1.0" encoding="utf-8"?><testsuites name="pytest tests"><testsuite name="pytest" errors="0" failures="1" skipped="0" tests="16" time="13.958" timestamp="2026-04-07T11:39:59.728791+00:00" hostname="agent-env-ba7a2746-fa91-4eb3-bfc1-a6bcc9eabfe2"><testcase classname="backend.tests.test_date_night_feature.TestHealthAndPublicEndpoints" name="test_health_endpoint" time="0.183" /><testcase classname="backend.tests.test_date_night_feature.TestHealthAndPublicEndpoints" name="test_zodiac_signs_public" time="0.097" /><testcase classname="backend.tests.test_date_night_feature.TestAuthFlow" name="test_auth_session" time="0.847" /><testcase classname="backend.tests.test_date_night_feature.TestAuthFlow" name="test_profile_get" time="0.245" /><testcase classname="backend.tests.test_date_night_feature.TestDateNightGenerator" name="test_date_night_generate_romantic_home" time="6.242" /><testcase classname="backend.tests.test_date_night_feature.TestDateNightGenerator" name="test_date_night_generate_adventurous" time="4.217" /><testcase classname="backend.tests.test_date_night_feature.TestDateNightGenerator" name="test_date_night_history" time="0.164" /><testcase classname="backend.tests.test_date_night_feature.TestDateNightGenerator" name="test_date_night_requires_auth" time="0.276" /><testcase classname="backend.tests.test_date_night_feature.TestExistingFeatures" name="test_daily_question" time="0.171" /><testcase classname="backend.tests.test_date_night_feature.TestExistingFeatures" name="test_streak" time="0.171" /><testcase classname="backend.tests.test_date_night_feature.TestExistingFeatures" name="test_partner_chat_messages" time="0.172" /><testcase classname="backend.tests.test_date_night_feature.TestExistingFeatures" name="test_shared_playlist" time="0.192" /><testcase classname="backend.tests.test_date_night_feature.TestExistingFeatures" name="test_milestones" time="0.269" /><testcase classname="backend.tests.test_date_night_feature.TestExistingFeatures" name="test_love_language_results" time="0.266" /><testcase classname="backend.tests.test_date_night_feature.TestExistingFeatures" name="test_deeply_unlocked" time="0.161" /><testcase classname="backend.tests.test_date_night_feature.TestExistingFeatures" name="test_pair_info" time="0.170"><failure message="AssertionError: assert 'PENDING' == 'ACTIVE'&#10;  &#10;  - ACTIVE&#10;  + PENDING">backend/tests/test_date_night_feature.py:275: in test_pair_info
    assert data["pair"]["status"] == "ACTIVE"
E   AssertionError: assert 'PENDING' == 'ACTIVE'
E     
E     - ACTIVE
E     + PENDING</failure></testcase></testsuite></testsuites>